<?xml version="1.0" encoding="UTF-8"?>
<!-- Generated by org.testng.reporters.JUnitReportReporter -->
<testsuite hostname="kim" failures="0" tests="1" name="com.luma.testcases.HomePageTest" time="101.812" errors="0" timestamp="2024-03-06T14:45:27 IST" skipped="0">
  <testcase classname="com.luma.testcases.HomePageTest" name="WhatsNewElementTest" time="101.812"/>
</testsuite> <!-- com.luma.testcases.HomePageTest -->
