<?xml version="1.0" encoding="UTF-8"?>
<!-- Generated by org.testng.reporters.JUnitReportReporter -->
<testsuite hostname="kim" failures="0" tests="1" name="com.luma.testcases.LoginPageTest" time="96.277" errors="0" timestamp="2024-03-06T14:45:27 IST" skipped="0">
  <testcase classname="com.luma.testcases.LoginPageTest" name="loginTest" time="96.277"/>
</testsuite> <!-- com.luma.testcases.LoginPageTest -->
