<?xml version="1.0" encoding="UTF-8"?>
<!-- Generated by org.testng.reporters.JUnitReportReporter -->
<testsuite hostname="kim" failures="0" tests="1" name="com.luma.testcases.AccountCreationPageTest" time="52.975" errors="0" timestamp="2024-03-06T14:45:27 IST" skipped="0">
  <testcase classname="com.luma.testcases.AccountCreationPageTest" name="verifyCreateAccountTitleTest" time="52.975"/>
</testsuite> <!-- com.luma.testcases.AccountCreationPageTest -->
